New log file opened at Thu Oct 15 21:13:12 COT 2015 by 8042@hedeon-N56VJ
Taking next connection to: 45086
New client attempting to connect on port: 59952-45086
  Address = /127.0.1.1:45086
This client on port 59952 has uuid d1f31db9-84af-4b02-8d4f-17d3ff76b132 configName activator humanReadableName Activator protocolVersion 3 featureTags Vector()
Connected Clients: activator-d1f31db9-84af-4b02-8d4f-17d3ff76b132
Taking next connection to: 45086
Checking to see if clients are empty...
We have 1 non-daemon clients, continuing serving connections.
Taking next connection to: 45086
Checking to see if clients are empty...
We have 1 non-daemon clients, continuing serving connections.
Taking next connection to: 45086
Checking to see if clients are empty...
We have 1 non-daemon clients, continuing serving connections.
Taking next connection to: 45086
New client attempting to connect on port: 59981-45086
  Address = /127.0.1.1:45086
Handshake exception on socket: 59981
sbt.impl.ipc.HandshakeException: Unable to perform handshake
	at sbt.impl.ipc.Peer.handshake(IPC.scala:46)
	at sbt.impl.ipc.MultiClientServer.<init>(IPC.scala:150)
	at sbt.server.SbtServerSocketHandler$$anon$1.run(SbtServerSocketHandler.scala:43)
Caused by: java.io.EOFException
	at java.io.DataInputStream.readInt(DataInputStream.java:392)
	at sbt.impl.ipc.Peer.receive(IPC.scala:95)
	at sbt.impl.ipc.Peer.handshake(IPC.scala:49)
	... 2 more
Taking next connection to: 45086
New client attempting to connect on port: 59982-45086
  Address = /127.0.1.1:45086
This client on port 59982 has uuid 29d34e01-9416-4c03-9ebf-0aeb41d19b0b configName play-fork-run humanReadableName Play Fork Run protocolVersion 1 featureTags Vector()
Connected Clients: activator-d1f31db9-84af-4b02-8d4f-17d3ff76b132, play-fork-run-29d34e01-9416-4c03-9ebf-0aeb41d19b0b
Taking next connection to: 45086
Checking to see if clients are empty...
We have 1 non-daemon clients, continuing serving connections.
Taking next connection to: 45086
Checking to see if clients are empty...
We have 1 non-daemon clients, continuing serving connections.
Taking next connection to: 45086
Checking to see if clients are empty...
We have 1 non-daemon clients, continuing serving connections.
Taking next connection to: 45086
Checking to see if clients are empty...
We have 1 non-daemon clients, continuing serving connections.
Taking next connection to: 45086
Checking to see if clients are empty...
We have 1 non-daemon clients, continuing serving connections.
Taking next connection to: 45086
Checking to see if clients are empty...
We have 1 non-daemon clients, continuing serving connections.
Taking next connection to: 45086
Checking to see if clients are empty...
We have 1 non-daemon clients, continuing serving connections.
Taking next connection to: 45086
Checking to see if clients are empty...
We have 1 non-daemon clients, continuing serving connections.
Taking next connection to: 45086
Checking to see if clients are empty...
We have 1 non-daemon clients, continuing serving connections.
Taking next connection to: 45086
Checking to see if clients are empty...
We have 1 non-daemon clients, continuing serving connections.
Taking next connection to: 45086
Checking to see if clients are empty...
We have 1 non-daemon clients, continuing serving connections.
Taking next connection to: 45086
Checking to see if clients are empty...
We have 1 non-daemon clients, continuing serving connections.
Taking next connection to: 45086
Checking to see if clients are empty...
We have 1 non-daemon clients, continuing serving connections.
Taking next connection to: 45086
