New log file opened at Thu Oct 15 20:54:24 COT 2015 by 7633@hedeon-N56VJ
jvm 7633@hedeon-N56VJ
jvm vmName=Java HotSpot(TM) 64-Bit Server VM vmVendor=Oracle Corporation vmVersion=25.60-b23
jvm specName=Java Virtual Machine Specification specVendor=Oracle Corporation specVersion=1.8
jvm arguments: [-Xms256m, -Xmx1024m, -XX:MetaspaceSize=64m, -XX:MaxMetaspaceSize=256m]
Starting event engine
Starting sbt command engine
Waiting for sbt command engine
Command engine arguments=List()
Command engine baseDirectory=/home/hedeon/DOJO-PlayScala/DOJO-PlayScala
Command engine initial remaining commands List(--initialize, onFailure load-failed, boot, server-send-ready-for-request, server-handle-next-server-request)
> --initialize
> initialize
> onFailure load-failed
> boot
> reload
[Loading] Scanning directory /home/hedeon/DOJO-PlayScala/DOJO-PlayScala/project
[Loading] Found non-root projects 
[Loading] Done in /home/hedeon/DOJO-PlayScala/DOJO-PlayScala/project, returning: ()
deducing auto plugins based on known facts Set(Atom(sbt.plugins.CorePlugin)) and clauses Clauses(List(Clause(Atom(sbt.plugins.JvmPlugin),Set(Atom(sbt.plugins.IvyPlugin))), Clause(Atom(sbt.plugins.JUnitXmlReportPlugin),Set(Atom(sbt.plugins.JvmPlugin))), Clause(Atom(sbt.plugins.CorePlugin),Set(Atom(sbt.plugins.IvyPlugin))), Clause(Atom(sbt.plugins.IvyPlugin),Set(Atom(sbt.plugins.JvmPlugin))), Clause(Atom(sbt.plugins.JvmPlugin),Set(Atom(sbt.plugins.JUnitXmlReportPlugin)))))
  :: deduced result: Matched(sbt.plugins.CorePlugin,sbt.plugins.IvyPlugin,sbt.plugins.JvmPlugin,sbt.plugins.JUnitXmlReportPlugin)
sorting: ns: List(sbt.plugins.CorePlugin, sbt.plugins.IvyPlugin, sbt.plugins.JvmPlugin, sbt.plugins.JUnitXmlReportPlugin)
  :: sorting:: found: List(sbt.plugins.CorePlugin) not found List(sbt.plugins.IvyPlugin, sbt.plugins.JvmPlugin, sbt.plugins.JUnitXmlReportPlugin)
  :: sorting:: found: List(sbt.plugins.CorePlugin, sbt.plugins.IvyPlugin) not found List(sbt.plugins.JvmPlugin, sbt.plugins.JUnitXmlReportPlugin)
  :: sorting:: found: List(sbt.plugins.CorePlugin, sbt.plugins.IvyPlugin, sbt.plugins.JvmPlugin) not found List(sbt.plugins.JUnitXmlReportPlugin)
  :: sorting:: found: List(sbt.plugins.CorePlugin, sbt.plugins.IvyPlugin, sbt.plugins.JvmPlugin, sbt.plugins.JUnitXmlReportPlugin) not found List()
  :: sorted deduced result: List(sbt.plugins.CorePlugin, sbt.plugins.IvyPlugin, sbt.plugins.JvmPlugin, sbt.plugins.JUnitXmlReportPlugin)
[Loading] Done in /home/hedeon/DOJO-PlayScala/DOJO-PlayScala/project, returning: (dojo-playscala-build)
Loading project definition from /home/hedeon/DOJO-PlayScala/DOJO-PlayScala/project
Running task... Cancel: sbt.TaskCancellationStrategy$Null$@e4dbbb2, check cycles: false

Initial source changes: 
	removed:Set()
	added: Set()
	modified: Set()
Removed products: Set()
External API changes: API Changes: Set()
Modified binary dependencies: Set()
Initial directly invalidated sources: Set()

Sources indirectly invalidated by:
	product: Set()
	binary dep: Set()
	external source: Set()
All initially invalidated sources: Set()

Copy resource mappings: 
	
[Loading] Scanning directory /home/hedeon/DOJO-PlayScala/DOJO-PlayScala
[Loading] Found non-root projects 
[Loading] Done in /home/hedeon/DOJO-PlayScala/DOJO-PlayScala, returning: ()
deducing auto plugins based on known facts Set(Atom(sbt.plugins.CorePlugin)) and clauses Clauses(List(Clause(Atom(sbt.plugins.JvmPlugin),Set(Atom(sbt.plugins.IvyPlugin))), Clause(Atom(sbt.plugins.JUnitXmlReportPlugin),Set(Atom(sbt.plugins.JvmPlugin))), Clause(Atom(sbt.plugins.BackgroundRunPlugin),Set(Atom(sbt.plugins.JvmPlugin))), Clause(Atom(play.sbt.forkrun.PlayForkRun),Set(Atom(sbt.plugins.BackgroundRunPlugin))), Clause(Atom(play.sbt.forkrun.PlayForkRun),Set(Atom(play.sbt.Play))), Clause(Atom(play.sbt.forkrun.PlayForkRun),Set(Atom(sbt.plugins.SerializersPlugin))), Clause(Atom(play.sbt.Play),Set(Atom(com.typesafe.sbt.packager.archetypes.JavaServerAppPackaging))), Clause(Atom(play.sbt.Play),Set(Atom(play.sbt.routes.RoutesCompiler))), Clause(Atom(play.sbt.Play),Set(Atom(play.twirl.sbt.SbtTwirl))), Clause(Atom(play.sbt.Play),Set(Atom(com.typesafe.sbt.jse.SbtJsTask))), Clause(Atom(play.sbt.PlayAkkaHttpServer),Set(Atom(play.sbt.Play))), Clause(Atom(play.sbt.PlayJava),Set(Atom(play.sbt.Play))), Clause(Atom(play.sbt.PlayLayoutPlugin),Set(Atom(play.sbt.Play))), Clause(Atom(play.sbt.PlayNettyServer),Set(Atom(play.sbt.Play))), Clause(Atom(play.sbt.PlayScala),Set(Atom(play.sbt.Play))), Clause(Atom(play.sbt.routes.RoutesCompiler),Set(Atom(sbt.plugins.JvmPlugin))), Clause(Atom(play.twirl.sbt.SbtTwirl),Set(Atom(sbt.plugins.JvmPlugin))), Clause(Atom(com.typesafe.sbt.packager.archetypes.AkkaAppPackaging),Set(Atom(com.typesafe.sbt.packager.archetypes.JavaAppPackaging))), Clause(Atom(com.typesafe.sbt.packager.archetypes.JavaAppPackaging),Set(Atom(com.typesafe.sbt.packager.windows.WindowsPlugin))), Clause(Atom(com.typesafe.sbt.packager.archetypes.JavaAppPackaging),Set(Atom(com.typesafe.sbt.packager.docker.DockerPlugin))), Clause(Atom(com.typesafe.sbt.packager.archetypes.JavaAppPackaging),Set(Atom(com.typesafe.sbt.packager.debian.DebianPlugin))), Clause(Atom(com.typesafe.sbt.packager.archetypes.JavaAppPackaging),Set(Atom(com.typesafe.sbt.packager.rpm.RpmPlugin))), Clause(Atom(com.typesafe.sbt.packager.archetypes.JavaServerAppPackaging),Set(Atom(com.typesafe.sbt.packager.archetypes.JavaAppPackaging))), Clause(Atom(com.typesafe.sbt.packager.archetypes.jar.ClasspathJarPlugin),Set(Atom(com.typesafe.sbt.packager.archetypes.JavaAppPackaging))), Clause(Atom(com.typesafe.sbt.packager.archetypes.jar.LauncherJarPlugin),Set(Atom(com.typesafe.sbt.packager.archetypes.JavaAppPackaging))), Clause(Atom(com.typesafe.sbt.packager.debian.DebianDeployPlugin),Set(Atom(com.typesafe.sbt.packager.debian.DebianPlugin))), Clause(Atom(com.typesafe.sbt.packager.debian.DebianPlugin),Set(Atom(com.typesafe.sbt.packager.linux.LinuxPlugin))), Clause(Atom(com.typesafe.sbt.packager.debian.JDebPackaging),Set(Atom(com.typesafe.sbt.packager.debian.DebianPlugin))), Clause(Atom(com.typesafe.sbt.packager.docker.DockerPlugin),Set(Atom(com.typesafe.sbt.packager.universal.UniversalPlugin))), Clause(Atom(com.typesafe.sbt.packager.jdkpackager.JDKPackagerDeployPlugin),Set(Atom(com.typesafe.sbt.packager.jdkpackager.JDKPackagerPlugin))), Clause(Atom(com.typesafe.sbt.packager.jdkpackager.JDKPackagerPlugin),Set(Atom(com.typesafe.sbt.packager.archetypes.JavaAppPackaging))), Clause(Atom(com.typesafe.sbt.packager.jdkpackager.JDKPackagerPlugin),Set(Atom(com.typesafe.sbt.packager.archetypes.jar.ClasspathJarPlugin))), Clause(Atom(com.typesafe.sbt.packager.linux.LinuxPlugin),Set(Atom(com.typesafe.sbt.packager.universal.UniversalPlugin))), Clause(Atom(com.typesafe.sbt.packager.rpm.RpmDeployPlugin),Set(Atom(com.typesafe.sbt.packager.rpm.RpmPlugin))), Clause(Atom(com.typesafe.sbt.packager.rpm.RpmPlugin),Set(Atom(com.typesafe.sbt.packager.linux.LinuxPlugin))), Clause(Atom(com.typesafe.sbt.packager.universal.UniversalDeployPlugin),Set(Atom(com.typesafe.sbt.packager.universal.UniversalPlugin))), Clause(Atom(com.typesafe.sbt.packager.universal.UniversalPlugin),Set(Atom(com.typesafe.sbt.SbtNativePackager))), Clause(Atom(com.typesafe.sbt.packager.windows.WindowsDeployPlugin),Set(Atom(com.typesafe.sbt.packager.windows.WindowsPlugin))), Clause(Atom(com.typesafe.sbt.packager.windows.WindowsPlugin),Set(Atom(com.typesafe.sbt.packager.universal.UniversalPlugin))), Clause(Atom(com.typesafe.sbt.web.SbtWeb),Set(Atom(sbt.plugins.JvmPlugin))), Clause(Atom(com.typesafe.sbt.jse.SbtJsEngine),Set(Atom(com.typesafe.sbt.web.SbtWeb))), Clause(Atom(com.typesafe.sbt.jse.SbtJsTask),Set(Atom(com.typesafe.sbt.jse.SbtJsEngine))), Clause(Atom(com.typesafe.sbt.coffeescript.SbtCoffeeScript),Set(Atom(com.typesafe.sbt.jse.SbtJsTask))), Clause(Atom(com.typesafe.sbt.less.SbtLess),Set(Atom(com.typesafe.sbt.jse.SbtJsTask))), Clause(Atom(com.typesafe.sbt.jshint.SbtJSHint),Set(Atom(com.typesafe.sbt.jse.SbtJsTask))), Clause(Atom(com.typesafe.sbt.rjs.SbtRjs),Set(Atom(com.typesafe.sbt.jse.SbtJsTask))), Clause(Atom(com.typesafe.sbt.digest.SbtDigest),Set(Atom(com.typesafe.sbt.web.SbtWeb))), Clause(Atom(com.typesafe.sbt.mocha.SbtMocha),Set(Atom(com.typesafe.sbt.jse.SbtJsTask))), Clause(Atom(sbt.plugins.CorePlugin),Set(Atom(sbt.plugins.IvyPlugin))), Clause(Atom(sbt.plugins.IvyPlugin),Set(Atom(sbt.plugins.JvmPlugin))), Clause(Atom(sbt.plugins.JvmPlugin),Set(Atom(sbt.plugins.JUnitXmlReportPlugin))), Clause(Atom(sbt.plugins.JvmPlugin),Set(Atom(sbt.plugins.BackgroundRunPlugin))), Clause(Atom(sbt.plugins.CorePlugin),Set(Atom(sbt.plugins.InteractionServicePlugin))), Clause(Atom(sbt.plugins.CorePlugin),Set(Atom(sbt.plugins.SendEventServicePlugin))), Clause(Atom(sbt.plugins.CorePlugin),Set(Atom(sbt.plugins.SerializersPlugin))), Clause(And(Set(Atom(sbt.plugins.BackgroundRunPlugin), Atom(play.sbt.Play), Atom(sbt.plugins.SerializersPlugin))),Set(Atom(play.sbt.forkrun.PlayForkRun))), Clause(Atom(play.sbt.Play),Set(Atom(play.sbt.PlayLayoutPlugin))), Clause(Atom(play.sbt.Play),Set(Atom(play.sbt.PlayNettyServer))), Clause(Atom(com.typesafe.sbt.web.SbtWeb),Set(Atom(com.typesafe.sbt.jse.SbtJsEngine))), Clause(Atom(com.typesafe.sbt.jse.SbtJsEngine),Set(Atom(com.typesafe.sbt.jse.SbtJsTask))), Clause(Atom(com.typesafe.sbt.jse.SbtJsTask),Set(Atom(com.typesafe.sbt.coffeescript.SbtCoffeeScript))), Clause(Atom(com.typesafe.sbt.jse.SbtJsTask),Set(Atom(com.typesafe.sbt.less.SbtLess))), Clause(Atom(com.typesafe.sbt.jse.SbtJsTask),Set(Atom(com.typesafe.sbt.jshint.SbtJSHint))), Clause(Atom(com.typesafe.sbt.jse.SbtJsTask),Set(Atom(com.typesafe.sbt.rjs.SbtRjs))), Clause(Atom(com.typesafe.sbt.web.SbtWeb),Set(Atom(com.typesafe.sbt.digest.SbtDigest))), Clause(Atom(com.typesafe.sbt.jse.SbtJsTask),Set(Atom(com.typesafe.sbt.mocha.SbtMocha)))))
  :: deduced result: Matched(sbt.plugins.CorePlugin,sbt.plugins.SerializersPlugin,sbt.plugins.SendEventServicePlugin,sbt.plugins.InteractionServicePlugin,sbt.plugins.IvyPlugin,sbt.plugins.JvmPlugin,sbt.plugins.BackgroundRunPlugin,sbt.plugins.JUnitXmlReportPlugin)
sorting: ns: List(sbt.plugins.CorePlugin, sbt.plugins.SerializersPlugin, sbt.plugins.SendEventServicePlugin, sbt.plugins.InteractionServicePlugin, sbt.plugins.IvyPlugin, sbt.plugins.JvmPlugin, sbt.plugins.BackgroundRunPlugin, sbt.plugins.JUnitXmlReportPlugin)
  :: sorting:: found: List(sbt.plugins.CorePlugin) not found List(sbt.plugins.SerializersPlugin, sbt.plugins.SendEventServicePlugin, sbt.plugins.InteractionServicePlugin, sbt.plugins.IvyPlugin, sbt.plugins.JvmPlugin, sbt.plugins.BackgroundRunPlugin, sbt.plugins.JUnitXmlReportPlugin)
  :: sorting:: found: List(sbt.plugins.CorePlugin, sbt.plugins.SerializersPlugin, sbt.plugins.SendEventServicePlugin, sbt.plugins.InteractionServicePlugin, sbt.plugins.IvyPlugin) not found List(sbt.plugins.JvmPlugin, sbt.plugins.BackgroundRunPlugin, sbt.plugins.JUnitXmlReportPlugin)
  :: sorting:: found: List(sbt.plugins.CorePlugin, sbt.plugins.SerializersPlugin, sbt.plugins.SendEventServicePlugin, sbt.plugins.InteractionServicePlugin, sbt.plugins.IvyPlugin, sbt.plugins.JvmPlugin) not found List(sbt.plugins.BackgroundRunPlugin, sbt.plugins.JUnitXmlReportPlugin)
  :: sorting:: found: List(sbt.plugins.CorePlugin, sbt.plugins.SerializersPlugin, sbt.plugins.SendEventServicePlugin, sbt.plugins.InteractionServicePlugin, sbt.plugins.IvyPlugin, sbt.plugins.JvmPlugin, sbt.plugins.BackgroundRunPlugin, sbt.plugins.JUnitXmlReportPlugin) not found List()
  :: sorted deduced result: List(sbt.plugins.CorePlugin, sbt.plugins.SerializersPlugin, sbt.plugins.SendEventServicePlugin, sbt.plugins.InteractionServicePlugin, sbt.plugins.IvyPlugin, sbt.plugins.JvmPlugin, sbt.plugins.BackgroundRunPlugin, sbt.plugins.JUnitXmlReportPlugin)
[Loading] Done in /home/hedeon/DOJO-PlayScala/DOJO-PlayScala, returning: (dojo-playscala)
Set current project to dojo-playscala (in build file:/home/hedeon/DOJO-PlayScala/DOJO-PlayScala/)
Reapplying settings...
Set current project to dojo-playscala (in build file:/home/hedeon/DOJO-PlayScala/DOJO-PlayScala/)
> iflast shell
> server-send-ready-for-request
> server-handle-next-server-request
> {file:/home/hedeon/DOJO-PlayScala/DOJO-PlayScala/}dojo-playscala/compile:discoveredMainClasses
Evaluating tasks: compile:discoveredMainClasses
Running task... Cancel: sbt.server.ServerTaskCancellation@50a9fc8, check cycles: false
Read from stdout: Updating {file:/home/hedeon/DOJO-PlayScala/DOJO-PlayScala/}dojo-playscala...
Updating {file:/home/hedeon/DOJO-PlayScala/DOJO-PlayScala/}dojo-playscala...
Other repositories:
Default repositories:
Using inline dependencies specified in Scala.
:: resolving dependencies :: default#dojo-playscala_2.10;0.1-SNAPSHOT
	confs: [compile, runtime, test, provided, optional, compile-internal, runtime-internal, test-internal, plugin, sources, docs, pom, scala-tool]
	validate = true
	refresh = false
resolving dependencies for configuration 'compile'
== resolving dependencies for default#dojo-playscala_2.10;0.1-SNAPSHOT [compile]
== resolving dependencies default#dojo-playscala_2.10;0.1-SNAPSHOT->org.scala-lang#scala-library;2.10.4 [compile->default(compile)]
Read from stdout: Resolving org.scala-lang#scala-library;2.10.4 ...
Resolving org.scala-lang#scala-library;2.10.4 ...
sbt-chain: Checking cache for: sbt.ivyint.MergedDescriptors@49dff983
sbt-chain: module revision found in cache: org.scala-lang#scala-library;2.10.4
	found org.scala-lang#scala-library;2.10.4 in sbt-chain
	[2.10.4] org.scala-lang#scala-library;2.10.4
== resolving dependencies default#dojo-playscala_2.10;0.1-SNAPSHOT->org.scala-lang#scala-library;2.10.4 [compile->runtime]
== resolving dependencies default#dojo-playscala_2.10;0.1-SNAPSHOT->org.scala-lang#scala-library;2.10.4 [compile->compile]
== resolving dependencies default#dojo-playscala_2.10;0.1-SNAPSHOT->org.scala-lang#scala-library;2.10.4 [compile->master]
resolving dependencies for configuration 'runtime'
== resolving dependencies for default#dojo-playscala_2.10;0.1-SNAPSHOT [runtime]
== resolving dependencies for default#dojo-playscala_2.10;0.1-SNAPSHOT [compile]
== resolving dependencies default#dojo-playscala_2.10;0.1-SNAPSHOT->org.scala-lang#scala-library;2.10.4 [compile->default(compile)]
== resolving dependencies default#dojo-playscala_2.10;0.1-SNAPSHOT->org.scala-lang#scala-library;2.10.4 [compile->runtime]
== resolving dependencies default#dojo-playscala_2.10;0.1-SNAPSHOT->org.scala-lang#scala-library;2.10.4 [compile->compile]
== resolving dependencies default#dojo-playscala_2.10;0.1-SNAPSHOT->org.scala-lang#scala-library;2.10.4 [compile->master]
resolving dependencies for configuration 'test'
== resolving dependencies for default#dojo-playscala_2.10;0.1-SNAPSHOT [test]
== resolving dependencies for default#dojo-playscala_2.10;0.1-SNAPSHOT [runtime]
== resolving dependencies for default#dojo-playscala_2.10;0.1-SNAPSHOT [compile]
== resolving dependencies default#dojo-playscala_2.10;0.1-SNAPSHOT->org.scala-lang#scala-library;2.10.4 [compile->default(compile)]
== resolving dependencies default#dojo-playscala_2.10;0.1-SNAPSHOT->org.scala-lang#scala-library;2.10.4 [compile->runtime]
== resolving dependencies default#dojo-playscala_2.10;0.1-SNAPSHOT->org.scala-lang#scala-library;2.10.4 [compile->compile]
== resolving dependencies default#dojo-playscala_2.10;0.1-SNAPSHOT->org.scala-lang#scala-library;2.10.4 [compile->master]
resolving dependencies for configuration 'provided'
== resolving dependencies for default#dojo-playscala_2.10;0.1-SNAPSHOT [provided]
resolving dependencies for configuration 'optional'
== resolving dependencies for default#dojo-playscala_2.10;0.1-SNAPSHOT [optional]
resolving dependencies for configuration 'compile-internal'
== resolving dependencies for default#dojo-playscala_2.10;0.1-SNAPSHOT [compile-internal]
== resolving dependencies for default#dojo-playscala_2.10;0.1-SNAPSHOT [compile]
== resolving dependencies default#dojo-playscala_2.10;0.1-SNAPSHOT->org.scala-lang#scala-library;2.10.4 [compile->default(compile)]
== resolving dependencies default#dojo-playscala_2.10;0.1-SNAPSHOT->org.scala-lang#scala-library;2.10.4 [compile->runtime]
== resolving dependencies default#dojo-playscala_2.10;0.1-SNAPSHOT->org.scala-lang#scala-library;2.10.4 [compile->compile]
== resolving dependencies default#dojo-playscala_2.10;0.1-SNAPSHOT->org.scala-lang#scala-library;2.10.4 [compile->master]
== resolving dependencies for default#dojo-playscala_2.10;0.1-SNAPSHOT [optional]
== resolving dependencies for default#dojo-playscala_2.10;0.1-SNAPSHOT [provided]
resolving dependencies for configuration 'runtime-internal'
== resolving dependencies for default#dojo-playscala_2.10;0.1-SNAPSHOT [runtime-internal]
== resolving dependencies for default#dojo-playscala_2.10;0.1-SNAPSHOT [runtime]
== resolving dependencies for default#dojo-playscala_2.10;0.1-SNAPSHOT [compile]
== resolving dependencies default#dojo-playscala_2.10;0.1-SNAPSHOT->org.scala-lang#scala-library;2.10.4 [compile->default(compile)]
== resolving dependencies default#dojo-playscala_2.10;0.1-SNAPSHOT->org.scala-lang#scala-library;2.10.4 [compile->runtime]
== resolving dependencies default#dojo-playscala_2.10;0.1-SNAPSHOT->org.scala-lang#scala-library;2.10.4 [compile->compile]
== resolving dependencies default#dojo-playscala_2.10;0.1-SNAPSHOT->org.scala-lang#scala-library;2.10.4 [compile->master]
== resolving dependencies for default#dojo-playscala_2.10;0.1-SNAPSHOT [optional]
resolving dependencies for configuration 'test-internal'
== resolving dependencies for default#dojo-playscala_2.10;0.1-SNAPSHOT [test-internal]
== resolving dependencies for default#dojo-playscala_2.10;0.1-SNAPSHOT [test]
== resolving dependencies for default#dojo-playscala_2.10;0.1-SNAPSHOT [runtime]
== resolving dependencies for default#dojo-playscala_2.10;0.1-SNAPSHOT [compile]
== resolving dependencies default#dojo-playscala_2.10;0.1-SNAPSHOT->org.scala-lang#scala-library;2.10.4 [compile->default(compile)]
== resolving dependencies default#dojo-playscala_2.10;0.1-SNAPSHOT->org.scala-lang#scala-library;2.10.4 [compile->runtime]
== resolving dependencies default#dojo-playscala_2.10;0.1-SNAPSHOT->org.scala-lang#scala-library;2.10.4 [compile->compile]
== resolving dependencies default#dojo-playscala_2.10;0.1-SNAPSHOT->org.scala-lang#scala-library;2.10.4 [compile->master]
== resolving dependencies for default#dojo-playscala_2.10;0.1-SNAPSHOT [optional]
== resolving dependencies for default#dojo-playscala_2.10;0.1-SNAPSHOT [provided]
resolving dependencies for configuration 'plugin'
== resolving dependencies for default#dojo-playscala_2.10;0.1-SNAPSHOT [plugin]
resolving dependencies for configuration 'sources'
== resolving dependencies for default#dojo-playscala_2.10;0.1-SNAPSHOT [sources]
resolving dependencies for configuration 'docs'
== resolving dependencies for default#dojo-playscala_2.10;0.1-SNAPSHOT [docs]
resolving dependencies for configuration 'pom'
== resolving dependencies for default#dojo-playscala_2.10;0.1-SNAPSHOT [pom]
resolving dependencies for configuration 'scala-tool'
== resolving dependencies for default#dojo-playscala_2.10;0.1-SNAPSHOT [scala-tool]
== resolving dependencies default#dojo-playscala_2.10;0.1-SNAPSHOT->org.scala-lang#scala-compiler;2.10.4 [scala-tool->default]
Read from stdout: Resolving org.scala-lang#scala-compiler;2.10.4 ...
Resolving org.scala-lang#scala-compiler;2.10.4 ...
sbt-chain: Checking cache for: dependency: org.scala-lang#scala-compiler;2.10.4 {scala-tool=[default, optional(default)]}
sbt-chain: module revision found in cache: org.scala-lang#scala-compiler;2.10.4
	found org.scala-lang#scala-compiler;2.10.4 in sbt-chain
== resolving dependencies default#dojo-playscala_2.10;0.1-SNAPSHOT->org.scala-lang#scala-compiler;2.10.4 [scala-tool->runtime]
== resolving dependencies default#dojo-playscala_2.10;0.1-SNAPSHOT->org.scala-lang#scala-compiler;2.10.4 [scala-tool->compile]
== resolving dependencies org.scala-lang#scala-compiler;2.10.4->org.scala-lang#scala-library;2.10.4 [compile->master(compile)]
== resolving dependencies org.scala-lang#scala-compiler;2.10.4->org.scala-lang#scala-library;2.10.4 [compile->compile(*)]
== resolving dependencies org.scala-lang#scala-compiler;2.10.4->org.scala-lang#scala-library;2.10.4 [compile->default]
== resolving dependencies org.scala-lang#scala-compiler;2.10.4->org.scala-lang#scala-library;2.10.4 [compile->runtime]
== resolving dependencies org.scala-lang#scala-compiler;2.10.4->org.scala-lang#scala-library;2.10.4 [compile->compile]
== resolving dependencies org.scala-lang#scala-compiler;2.10.4->org.scala-lang#scala-library;2.10.4 [compile->master]
== resolving dependencies org.scala-lang#scala-compiler;2.10.4->org.scala-lang#scala-library;2.10.4 [compile->runtime(*)]
== resolving dependencies org.scala-lang#scala-compiler;2.10.4->org.scala-lang#scala-library;2.10.4 [compile->compile]
== resolving dependencies org.scala-lang#scala-compiler;2.10.4->org.scala-lang#scala-library;2.10.4 [compile->optional(default)]
== resolving dependencies org.scala-lang#scala-compiler;2.10.4->org.scala-lang#scala-reflect;2.10.4 [compile->master(compile)]
Read from stdout: Resolving org.scala-lang#scala-reflect;2.10.4 ...
Resolving org.scala-lang#scala-reflect;2.10.4 ...
sbt-chain: Checking cache for: dependency: org.scala-lang#scala-reflect;2.10.4 {compile=[compile(*), master(compile)], runtime=[runtime(*)]}
sbt-chain: module revision found in cache: org.scala-lang#scala-reflect;2.10.4
	found org.scala-lang#scala-reflect;2.10.4 in sbt-chain
	[2.10.4] org.scala-lang#scala-reflect;2.10.4
== resolving dependencies org.scala-lang#scala-compiler;2.10.4->org.scala-lang#scala-reflect;2.10.4 [compile->compile(*)]
== resolving dependencies org.scala-lang#scala-reflect;2.10.4->org.scala-lang#scala-library;2.10.4 [compile->master(compile)]
== resolving dependencies org.scala-lang#scala-reflect;2.10.4->org.scala-lang#scala-library;2.10.4 [compile->compile(*)]
== resolving dependencies org.scala-lang#scala-compiler;2.10.4->org.scala-lang#scala-reflect;2.10.4 [compile->runtime(*)]
== resolving dependencies org.scala-lang#scala-compiler;2.10.4->org.scala-lang#scala-reflect;2.10.4 [compile->compile]
== resolving dependencies org.scala-lang#scala-reflect;2.10.4->org.scala-lang#scala-library;2.10.4 [runtime->runtime(*)]
== resolving dependencies org.scala-lang#scala-reflect;2.10.4->org.scala-lang#scala-library;2.10.4 [runtime->compile]
== resolving dependencies org.scala-lang#scala-compiler;2.10.4->org.scala-lang#scala-library;2.10.4 [runtime->runtime(*)]
== resolving dependencies org.scala-lang#scala-compiler;2.10.4->org.scala-lang#scala-library;2.10.4 [runtime->compile]
== resolving dependencies org.scala-lang#scala-compiler;2.10.4->org.scala-lang#scala-reflect;2.10.4 [runtime->runtime(*)]
== resolving dependencies org.scala-lang#scala-compiler;2.10.4->org.scala-lang#scala-reflect;2.10.4 [runtime->compile]
== resolving dependencies default#dojo-playscala_2.10;0.1-SNAPSHOT->org.scala-lang#scala-compiler;2.10.4 [scala-tool->master]
== resolving dependencies default#dojo-playscala_2.10;0.1-SNAPSHOT->org.scala-lang#scala-compiler;2.10.4 [scala-tool->optional(default)]
== resolving dependencies org.scala-lang#scala-compiler;2.10.4->org.scala-lang#jline;2.10.4 [optional->master(compile)]
Read from stdout: Resolving org.scala-lang#jline;2.10.4 ...
Resolving org.scala-lang#jline;2.10.4 ...
sbt-chain: Checking cache for: dependency: org.scala-lang#jline;2.10.4 {optional=[compile(*), master(compile)]}
sbt-chain: module revision found in cache: org.scala-lang#jline;2.10.4
	found org.scala-lang#jline;2.10.4 in sbt-chain
== resolving dependencies org.scala-lang#scala-compiler;2.10.4->org.scala-lang#jline;2.10.4 [optional->compile(*)]
== resolving dependencies org.scala-lang#jline;2.10.4->org.fusesource.jansi#jansi;1.4 [compile->master(compile)]
Read from stdout: Resolving org.fusesource.jansi#jansi;1.4 ...
Resolving org.fusesource.jansi#jansi;1.4 ...
sbt-chain: Checking cache for: dependency: org.fusesource.jansi#jansi;1.4 {compile=[compile(*), master(compile)], runtime=[runtime(*)]}
sbt-chain: module revision found in cache: org.fusesource.jansi#jansi;1.4
	found org.fusesource.jansi#jansi;1.4 in sbt-chain
== resolving dependencies org.scala-lang#jline;2.10.4->org.fusesource.jansi#jansi;1.4 [compile->compile(*)]
== resolving dependencies default#dojo-playscala_2.10;0.1-SNAPSHOT->org.scala-lang#scala-library;2.10.4 [scala-tool->default]
== resolving dependencies default#dojo-playscala_2.10;0.1-SNAPSHOT->org.scala-lang#scala-library;2.10.4 [scala-tool->runtime]
== resolving dependencies default#dojo-playscala_2.10;0.1-SNAPSHOT->org.scala-lang#scala-library;2.10.4 [scala-tool->compile]
== resolving dependencies default#dojo-playscala_2.10;0.1-SNAPSHOT->org.scala-lang#scala-library;2.10.4 [scala-tool->master]
== resolving dependencies default#dojo-playscala_2.10;0.1-SNAPSHOT->org.scala-lang#scala-library;2.10.4 [scala-tool->optional(default)]
	resolved ivy file produced in cache
:: downloading artifacts ::
	[NOT REQUIRED] org.scala-lang#scala-library;2.10.4!scala-library.jar
	[NOT REQUIRED] org.scala-lang#scala-compiler;2.10.4!scala-compiler.jar
	[NOT REQUIRED] org.scala-lang#scala-reflect;2.10.4!scala-reflect.jar
	[NOT REQUIRED] org.scala-lang#jline;2.10.4!jline.jar
	[NOT REQUIRED] org.fusesource.jansi#jansi;1.4!jansi.jar
:: resolution report :: resolve 244ms :: artifacts dl 12ms
	report for default#dojo-playscala_2.10;0.1-SNAPSHOT compile produced in /home/hedeon/DOJO-PlayScala/DOJO-PlayScala/target/resolution-cache/reports/default-dojo-playscala_2.10-compile.xml
	report for default#dojo-playscala_2.10;0.1-SNAPSHOT runtime produced in /home/hedeon/DOJO-PlayScala/DOJO-PlayScala/target/resolution-cache/reports/default-dojo-playscala_2.10-runtime.xml
	report for default#dojo-playscala_2.10;0.1-SNAPSHOT test produced in /home/hedeon/DOJO-PlayScala/DOJO-PlayScala/target/resolution-cache/reports/default-dojo-playscala_2.10-test.xml
	report for default#dojo-playscala_2.10;0.1-SNAPSHOT provided produced in /home/hedeon/DOJO-PlayScala/DOJO-PlayScala/target/resolution-cache/reports/default-dojo-playscala_2.10-provided.xml
	report for default#dojo-playscala_2.10;0.1-SNAPSHOT optional produced in /home/hedeon/DOJO-PlayScala/DOJO-PlayScala/target/resolution-cache/reports/default-dojo-playscala_2.10-optional.xml
	report for default#dojo-playscala_2.10;0.1-SNAPSHOT compile-internal produced in /home/hedeon/DOJO-PlayScala/DOJO-PlayScala/target/resolution-cache/reports/default-dojo-playscala_2.10-compile-internal.xml
	report for default#dojo-playscala_2.10;0.1-SNAPSHOT runtime-internal produced in /home/hedeon/DOJO-PlayScala/DOJO-PlayScala/target/resolution-cache/reports/default-dojo-playscala_2.10-runtime-internal.xml
	report for default#dojo-playscala_2.10;0.1-SNAPSHOT test-internal produced in /home/hedeon/DOJO-PlayScala/DOJO-PlayScala/target/resolution-cache/reports/default-dojo-playscala_2.10-test-internal.xml
	report for default#dojo-playscala_2.10;0.1-SNAPSHOT plugin produced in /home/hedeon/DOJO-PlayScala/DOJO-PlayScala/target/resolution-cache/reports/default-dojo-playscala_2.10-plugin.xml
	report for default#dojo-playscala_2.10;0.1-SNAPSHOT sources produced in /home/hedeon/DOJO-PlayScala/DOJO-PlayScala/target/resolution-cache/reports/default-dojo-playscala_2.10-sources.xml
	report for default#dojo-playscala_2.10;0.1-SNAPSHOT docs produced in /home/hedeon/DOJO-PlayScala/DOJO-PlayScala/target/resolution-cache/reports/default-dojo-playscala_2.10-docs.xml
	report for default#dojo-playscala_2.10;0.1-SNAPSHOT pom produced in /home/hedeon/DOJO-PlayScala/DOJO-PlayScala/target/resolution-cache/reports/default-dojo-playscala_2.10-pom.xml
	report for default#dojo-playscala_2.10;0.1-SNAPSHOT scala-tool produced in /home/hedeon/DOJO-PlayScala/DOJO-PlayScala/target/resolution-cache/reports/default-dojo-playscala_2.10-scala-tool.xml
	resolve done (244ms resolve - 12ms download)
Read from stdout: Done updating.
Done updating.

Initial source changes: 
	removed:Set()
	added: Set()
	modified: Set()
Removed products: Set()
External API changes: API Changes: Set()
Modified binary dependencies: Set()
Initial directly invalidated sources: Set()

Sources indirectly invalidated by:
	product: Set()
	binary dep: Set()
	external source: Set()
All initially invalidated sources: Set()

Total time: 1 s, completed 15/10/2015 08:54:30 PM
> server-post-command-cleanup
> server-handle-next-server-request
> {file:/home/hedeon/DOJO-PlayScala/DOJO-PlayScala/}dojo-playscala/compile:discoveredMainClasses
Evaluating tasks: compile:discoveredMainClasses
Running task... Cancel: sbt.server.ServerTaskCancellation@12fa9673, check cycles: false

Initial source changes: 
	removed:Set()
	added: Set()
	modified: Set()
Removed products: Set()
External API changes: API Changes: Set()
Modified binary dependencies: Set()
Initial directly invalidated sources: Set()

Sources indirectly invalidated by:
	product: Set()
	binary dep: Set()
	external source: Set()
All initially invalidated sources: Set()

Total time: 0 s, completed 15/10/2015 08:54:30 PM
> server-post-command-cleanup
> server-handle-next-server-request
> {file:/home/hedeon/DOJO-PlayScala/DOJO-PlayScala/}dojo-playscala/compile:mainClass
Evaluating tasks: compile:mainClass
Running task... Cancel: sbt.server.ServerTaskCancellation@5a0d18a7, check cycles: false

Initial source changes: 
	removed:Set()
	added: Set()
	modified: Set()
Removed products: Set()
External API changes: API Changes: Set()
Modified binary dependencies: Set()
Initial directly invalidated sources: Set()

Sources indirectly invalidated by:
	product: Set()
	binary dep: Set()
	external source: Set()
All initially invalidated sources: Set()

Total time: 0 s, completed 15/10/2015 08:54:31 PM
> server-post-command-cleanup
> server-handle-next-server-request
> {file:/home/hedeon/DOJO-PlayScala/DOJO-PlayScala/}dojo-playscala/compile:discoveredMainClasses
Evaluating tasks: compile:discoveredMainClasses
Running task... Cancel: sbt.server.ServerTaskCancellation@33c6044, check cycles: false

Initial source changes: 
	removed:Set()
	added: Set()
	modified: Set()
Removed products: Set()
External API changes: API Changes: Set()
Modified binary dependencies: Set()
Initial directly invalidated sources: Set()

Sources indirectly invalidated by:
	product: Set()
	binary dep: Set()
	external source: Set()
All initially invalidated sources: Set()

Total time: 0 s, completed 15/10/2015 08:54:31 PM
> server-post-command-cleanup
> server-handle-next-server-request
Done executing sbt server engine, result Right(Exit(0))
Closing listening server socket
Waiting for socket thread
Waiting for request processor thread
Waiting for command engine result
Returning control to sbt launcher with result Exit(0)
Closing the 7633@hedeon-N56VJ logs at Thu Oct 15 21:13:07 COT 2015, goodbye.
